
/home/runner/work/exp-connection-management-dei/exp-connection-management-dei/experiment/simulation/js/app.js
   51:32  warning  'DataStore' is not defined          no-undef
   54:32  warning  'LogEngine' is not defined          no-undef
   57:32  warning  'NFManager' is not defined          no-undef
   60:40  warning  'ConnectionManager' is not defined  no-undef
   63:33  warning  'BusManager' is not defined         no-undef
   66:34  warning  'PingManager' is not defined        no-undef
   69:37  warning  'CanvasRenderer' is not defined     no-undef
   72:35  warning  'UIController' is not defined       no-undef
   94:37  warning  'SessionManager' is not defined     no-undef
   97:37  warning  'PacketAnimator' is not defined     no-undef
  101:39  warning  'MessageInspector' is not defined   no-undef

/home/runner/work/exp-connection-management-dei/exp-connection-management-dei/experiment/simulation/js/bus-manager.js
  8:7  warning  'BusManager' is defined but never used  no-unused-vars

/home/runner/work/exp-connection-management-dei/exp-connection-management-dei/experiment/simulation/js/canvas-renderer.js
   15:7   warning  'CanvasRenderer' is defined but never used  no-unused-vars
  649:19  warning  'e' is defined but never used               no-unused-vars

/home/runner/work/exp-connection-management-dei/exp-connection-management-dei/experiment/simulation/js/connection-manager.js
  15:7  warning  'ConnectionManager' is defined but never used  no-unused-vars

/home/runner/work/exp-connection-management-dei/exp-connection-management-dei/experiment/simulation/js/data-store.js
  15:7  warning  'DataStore' is defined but never used  no-unused-vars

/home/runner/work/exp-connection-management-dei/exp-connection-management-dei/experiment/simulation/js/docker.js
   755:33  warning  'index' is defined but never used            no-unused-vars
  1012:29  warning  'index' is defined but never used            no-unused-vars
  1259:23  warning  'mapped' is assigned a value but never used  no-unused-vars
  1740:25  warning  'terminalModal' is defined but never used    no-unused-vars

/home/runner/work/exp-connection-management-dei/exp-connection-management-dei/experiment/simulation/js/log-engine.js
   15:7   warning  'LogEngine' is defined but never used                 no-unused-vars
  508:15  warning  'ranUENGAPId' is assigned a value but never used      no-unused-vars
  509:15  warning  'amfUENGAPId' is assigned a value but never used      no-unused-vars
  658:15  warning  'teidGNB' is assigned a value but never used          no-unused-vars
  659:15  warning  'teidUPF' is assigned a value but never used          no-unused-vars
  660:15  warning  'sequenceNum' is assigned a value but never used      no-unused-vars
  716:19  warning  'totalThroughput' is assigned a value but never used  no-unused-vars

/home/runner/work/exp-connection-management-dei/exp-connection-management-dei/experiment/simulation/js/message-inspector.js
  146:15  warning  'nfId' is assigned a value but never used         no-unused-vars
  150:13  warning  'messageData' is assigned a value but never used  no-unused-vars

/home/runner/work/exp-connection-management-dei/exp-connection-management-dei/experiment/simulation/js/nf-manager.js
  15:7  warning  'NFManager' is defined but never used  no-unused-vars

/home/runner/work/exp-connection-management-dei/exp-connection-management-dei/experiment/simulation/js/ping-manager.js
   14:7   warning  'PingManager' is defined but never used      no-unused-vars
  425:21  warning  'pingId' is assigned a value but never used  no-unused-vars

/home/runner/work/exp-connection-management-dei/exp-connection-management-dei/experiment/simulation/js/ui-controller.js
    16:7   warning  'UIController' is defined but never used           no-unused-vars
   304:48  warning  'data' is defined but never used                   no-unused-vars
   730:15  warning  'nfDef' is assigned a value but never used         no-unused-vars
   734:15  warning  'defaultName' is assigned a value but never used   no-unused-vars
  1428:36  warning  'nfType' is defined but never used                 no-unused-vars
  3388:15  warning  'cmd' is assigned a value but never used           no-unused-vars
  3684:5   warning  Duplicate name 'delay'                             no-dupe-class-members
  4217:41  warning  'pduSessionId' is assigned a value but never used  no-unused-vars
  4221:17  warning  Unexpected lexical declaration in case block       no-case-declarations
  4234:17  warning  Unexpected lexical declaration in case block       no-case-declarations
  4249:17  warning  Unexpected lexical declaration in case block       no-case-declarations
  4264:17  warning  Unexpected lexical declaration in case block       no-case-declarations
  4282:17  warning  Unexpected lexical declaration in case block       no-case-declarations
  4299:17  warning  Unexpected lexical declaration in case block       no-case-declarations
  4315:17  warning  Unexpected lexical declaration in case block       no-case-declarations
  4349:17  warning  Unexpected lexical declaration in case block       no-case-declarations
  4372:17  warning  Unexpected lexical declaration in case block       no-case-declarations
  4384:17  warning  Unexpected lexical declaration in case block       no-case-declarations
  4401:17  warning  Unexpected lexical declaration in case block       no-case-declarations
  4424:17  warning  Unexpected lexical declaration in case block       no-case-declarations
  4437:17  warning  Unexpected lexical declaration in case block       no-case-declarations

✖ 53 problems (0 errors, 53 warnings)

